Using pre-set license
Built from '2020.3/staging' branch; Version is '2020.3.13f1 (71691879b7f5) revision 7432472'; Using compiler version '192528614'; Build Type 'Release'
OS: 'Windows 10 Pro; OS build 19042.1110; Version 2009; 64bit' Language: 'ru' Physical Memory: 8191 MB
BatchMode: 1, IsHumanControllingUs: 0, StartBugReporterOnCrash: 0, Is64bit: 1, IsPro: 0

 COMMAND LINE ARGUMENTS:
C:\Program Files\Unity\Hub\Editor\2020.3.13f1\Editor\Unity.exe
-adb2
-batchMode
-noUpm
-name
AssetImportWorker0
-projectPath
C:/Users/ewrrr/OneDrive/Documents/Projects/Mobile_Game_2/Flappy Towers/Flappy-Towers
-logFile
Logs/AssetImportWorker0.log
-srvPort
50640
Successfully changed project path to: C:/Users/ewrrr/OneDrive/Documents/Projects/Mobile_Game_2/Flappy Towers/Flappy-Towers
C:/Users/ewrrr/OneDrive/Documents/Projects/Mobile_Game_2/Flappy Towers/Flappy-Towers
Using Asset Import Pipeline V2.
Refreshing native plugins compatible for Editor in 109.97 ms, found 3 plugins.
Preloading 0 native plugins for Editor in 0.00 ms.
Initialize engine version: 2020.3.13f1 (71691879b7f5)
[Subsystems] Discovering subsystems at path C:/Program Files/Unity/Hub/Editor/2020.3.13f1/Editor/Data/Resources/UnitySubsystems
[Subsystems] Discovering subsystems at path C:/Users/ewrrr/OneDrive/Documents/Projects/Mobile_Game_2/Flappy Towers/Flappy-Towers/Assets
GfxDevice: creating device client; threaded=0
Direct3D:
    Version:  Direct3D 11.0 [level 11.0]
    Renderer: NVIDIA GeForce GT 630 (ID=0xf00)
    Vendor:   
    VRAM:     2000 MB
    Driver:   23.21.13.8813
Initialize mono
Mono path[0] = 'C:/Program Files/Unity/Hub/Editor/2020.3.13f1/Editor/Data/Managed'
Mono path[1] = 'C:/Program Files/Unity/Hub/Editor/2020.3.13f1/Editor/Data/MonoBleedingEdge/lib/mono/unityjit'
Mono config path = 'C:/Program Files/Unity/Hub/Editor/2020.3.13f1/Editor/Data/MonoBleedingEdge/etc'
Using monoOptions --debugger-agent=transport=dt_socket,embedding=1,server=y,suspend=n,address=127.0.0.1:56184
Begin MonoManager ReloadAssembly
Registering precompiled unity dll's ...
Register platform support module: C:/Program Files/Unity/Hub/Editor/2020.3.13f1/Editor/Data/PlaybackEngines/WindowsStandaloneSupport/UnityEditor.WindowsStandalone.Extensions.dll
Registered in 0.003200 seconds.
Native extension for WindowsStandalone target not found
Refreshing native plugins compatible for Editor in 118.08 ms, found 3 plugins.
Preloading 0 native plugins for Editor in 0.00 ms.
Mono: successfully reloaded assembly
- Completed reload, in  4.653 seconds
Platform modules already initialized, skipping
Registering precompiled user dll's ...
Registered in 0.012679 seconds.
Begin MonoManager ReloadAssembly
Native extension for WindowsStandalone target not found
Refreshing native plugins compatible for Editor in 400.23 ms, found 3 plugins.
Preloading 0 native plugins for Editor in 0.00 ms.
Mono: successfully reloaded assembly
- Completed reload, in  3.845 seconds
Platform modules already initialized, skipping
========================================================================
Worker process is ready to serve import requests
Launched and connected shader compiler UnityShaderCompiler.exe after 0.15 seconds
Refreshing native plugins compatible for Editor in 1.01 ms, found 3 plugins.
Preloading 0 native plugins for Editor in 0.00 ms.
Unloading 2192 Unused Serialized files (Serialized files now loaded: 0)
System memory in use before: 108.7 MB.
System memory in use after: 108.8 MB.

Unloading 40 unused Assets to reduce memory usage. Loaded Objects now: 2637.
Total: 4.363500 ms (FindLiveObjects: 0.573700 ms CreateObjectMapping: 0.140400 ms MarkObjects: 3.607500 ms  DeleteObjects: 0.040100 ms)

AssetImportParameters requested are different than current active one (requested -> active):
  custom:framework-win-MediaFoundation: 216162199b28c13a410421893ffa2e32 -> 
  custom:video-decoder-ogg-theora: a1e56fd34408186e4bbccfd4996cb3dc -> 
  custom:container-muxer-webm: aa71ff27fc2769a1b78a27578f13a17b -> 
  custom:container-demuxer-webm: 4f35f7cbe854078d1ac9338744f61a02 -> 
  custom:container-demuxer-ogg: 62fdf1f143b41e24485cea50d1cbac27 -> 
  custom:video-encoder-webm-vp8: eb34c28f22e8b96e1ab97ce403110664 -> 
  custom:video-decoder-webm-vp8: 9c59270c3fd7afecdb556c50c9e8de78 -> 
  custom:audio-decoder-ogg-vorbis: bf7c407c2cedff20999df2af8eb42d56 -> 
  custom:audio-encoder-webm-vorbis: bf7c407c2cedff20999df2af8eb42d56 -> 
========================================================================
Received Import Request.
  path: Assets/Thaleah_PixelFont/Materials/ThaleahFat.mat
  artifactKey: Guid(43d59b5c638b0664db55f3a4e4d130ef) Importer(815301076,1909f56bfc062723c751e8b465ee728b)
Start importing Assets/Thaleah_PixelFont/Materials/ThaleahFat.mat using Guid(43d59b5c638b0664db55f3a4e4d130ef) Importer(815301076,1909f56bfc062723c751e8b465ee728b)  -> (artifact id: 'b6ab1582f4d55b5fcf0dde28878e3464') in 0.303596 seconds 
  Import took 0.316673 seconds .

========================================================================
Received Import Request.
  Time since last request: 6.740581 seconds.
  path: Assets/Resources/Explosion.prefab
  artifactKey: Guid(1045bae4e35875945bea33a75edfcd8c) Importer(815301076,1909f56bfc062723c751e8b465ee728b)
Start importing Assets/Resources/Explosion.prefab using Guid(1045bae4e35875945bea33a75edfcd8c) Importer(815301076,1909f56bfc062723c751e8b465ee728b)  -> (artifact id: '4aad865dfe2eaf9d778e7d91b41fdec4') in 0.067736 seconds 
  Import took 0.088481 seconds .

========================================================================
Received Import Request.
  Time since last request: 2.037072 seconds.
  path: Assets/Resources/Explosion.prefab
  artifactKey: Guid(1045bae4e35875945bea33a75edfcd8c) Importer(815301076,1909f56bfc062723c751e8b465ee728b)
Start importing Assets/Resources/Explosion.prefab using Guid(1045bae4e35875945bea33a75edfcd8c) Importer(815301076,1909f56bfc062723c751e8b465ee728b)  -> (artifact id: 'e7f4c0ce1ffe0bc83f709b028f50eee9') in 0.016971 seconds 
  Import took 0.045391 seconds .

========================================================================
Received Prepare
Registering precompiled user dll's ...
Registered in 0.011555 seconds.
Begin MonoManager ReloadAssembly
Native extension for WindowsStandalone target not found
Refreshing native plugins compatible for Editor in 1.18 ms, found 3 plugins.
Preloading 0 native plugins for Editor in 0.00 ms.
Mono: successfully reloaded assembly
- Completed reload, in  2.686 seconds
Platform modules already initialized, skipping
Switching build target platform(19) subTarget(0) extendedPlatform(0) -> platform(13) subTarget(524288) extendedPlatform(0)
Refreshing native plugins compatible for Editor in 1.09 ms, found 3 plugins.
Preloading 0 native plugins for Editor in 0.00 ms.
Unloading 2186 Unused Serialized files (Serialized files now loaded: 0)
System memory in use before: 111.6 MB.
System memory in use after: 111.7 MB.

Unloading 30 unused Assets to reduce memory usage. Loaded Objects now: 2681.
Total: 4.466400 ms (FindLiveObjects: 0.666700 ms CreateObjectMapping: 0.140900 ms MarkObjects: 3.616200 ms  DeleteObjects: 0.039800 ms)

AssetImportParameters requested are different than current active one (requested -> active):
  custom:framework-win-MediaFoundation: 216162199b28c13a410421893ffa2e32 -> 
  custom:video-decoder-ogg-theora: a1e56fd34408186e4bbccfd4996cb3dc -> 
  custom:container-muxer-webm: aa71ff27fc2769a1b78a27578f13a17b -> 
  custom:container-demuxer-webm: 4f35f7cbe854078d1ac9338744f61a02 -> 
  custom:container-demuxer-ogg: 62fdf1f143b41e24485cea50d1cbac27 -> 
  custom:video-encoder-webm-vp8: eb34c28f22e8b96e1ab97ce403110664 -> 
  custom:video-decoder-webm-vp8: 9c59270c3fd7afecdb556c50c9e8de78 -> 
  custom:graphics/normal-map-encoding: 01000000000000000000000000000000 -> 02000000000000000000000000000000
  custom:audio-decoder-ogg-vorbis: bf7c407c2cedff20999df2af8eb42d56 -> 
  custom:audio-encoder-webm-vorbis: bf7c407c2cedff20999df2af8eb42d56 -> 
========================================================================
Received Import Request.
  Time since last request: 213.665531 seconds.
  path: Assets/FX/Prefabs/FX001_01.prefab
  artifactKey: Guid(3e196c9e632c76841a71cb6e2dc6d010) Importer(815301076,1909f56bfc062723c751e8b465ee728b)
Start importing Assets/FX/Prefabs/FX001_01.prefab using Guid(3e196c9e632c76841a71cb6e2dc6d010) Importer(815301076,1909f56bfc062723c751e8b465ee728b)  -> (artifact id: '4bc2b4651366b4603e16f5a0b3cc2c74') in 0.186801 seconds 
  Import took 0.196587 seconds .

========================================================================
Received Import Request.
  Time since last request: 0.000328 seconds.
  path: Assets/FX/Prefabs/FX003_01.prefab
  artifactKey: Guid(9deea548c44c9ac4e94d6932a0d85eaf) Importer(815301076,1909f56bfc062723c751e8b465ee728b)
Start importing Assets/FX/Prefabs/FX003_01.prefab using Guid(9deea548c44c9ac4e94d6932a0d85eaf) Importer(815301076,1909f56bfc062723c751e8b465ee728b)  -> (artifact id: '5015396b1ad3eef75cf1d5020474cebb') in 0.058946 seconds 
  Import took 0.065335 seconds .

========================================================================
Received Import Request.
  Time since last request: 0.000372 seconds.
  path: Assets/FX/Prefabs/FX002_01.prefab
  artifactKey: Guid(d6d04e4b024a73147a9b9f10d607f384) Importer(815301076,1909f56bfc062723c751e8b465ee728b)
Start importing Assets/FX/Prefabs/FX002_01.prefab using Guid(d6d04e4b024a73147a9b9f10d607f384) Importer(815301076,1909f56bfc062723c751e8b465ee728b)  -> (artifact id: '01952864b1fa2e9eb469032467e9cb36') in 0.036509 seconds 
  Import took 0.048140 seconds .

========================================================================
Received Import Request.
  Time since last request: 9.487622 seconds.
  path: Assets/FX/Demo/FX001
  artifactKey: Guid(906a90608229f634a93876db2268d109) Importer(815301076,1909f56bfc062723c751e8b465ee728b)
Start importing Assets/FX/Demo/FX001 using Guid(906a90608229f634a93876db2268d109) Importer(815301076,1909f56bfc062723c751e8b465ee728b)  -> (artifact id: 'e78f7d975d2fb5adf7a0dad3d9e19b39') in 0.021568 seconds 
  Import took 0.028119 seconds .

========================================================================
Received Import Request.
  Time since last request: 0.053805 seconds.
  path: Assets/FX/Demo/FX001/1.gif
  artifactKey: Guid(bd7e921e22f8f2e468475a7187870c40) Importer(815301076,1909f56bfc062723c751e8b465ee728b)
Start importing Assets/FX/Demo/FX001/1.gif using Guid(bd7e921e22f8f2e468475a7187870c40) Importer(815301076,1909f56bfc062723c751e8b465ee728b)  -> (artifact id: '79f6b278f2b58286135629bd19c5d6af') in 0.081330 seconds 
  Import took 0.087375 seconds .

========================================================================
Received Import Request.
  Time since last request: 2.883223 seconds.
  path: Assets/FX/Demo/FX002/2.gif
  artifactKey: Guid(72fed44d96691e3409ada20f1e2d8fd3) Importer(815301076,1909f56bfc062723c751e8b465ee728b)
Start importing Assets/FX/Demo/FX002/2.gif using Guid(72fed44d96691e3409ada20f1e2d8fd3) Importer(815301076,1909f56bfc062723c751e8b465ee728b)  -> (artifact id: '9afa89929a9607984b99b26763a92c57') in 0.027241 seconds 
  Import took 0.038113 seconds .

========================================================================
Received Import Request.
  Time since last request: 1.016445 seconds.
  path: Assets/FX/Demo/FX003/3.gif
  artifactKey: Guid(2a92dd4f0c5b0914f9bcac0ee19c3c23) Importer(815301076,1909f56bfc062723c751e8b465ee728b)
Start importing Assets/FX/Demo/FX003/3.gif using Guid(2a92dd4f0c5b0914f9bcac0ee19c3c23) Importer(815301076,1909f56bfc062723c751e8b465ee728b)  -> (artifact id: '4669ca5c98a38b08d6aceeadb45024e8') in 0.027913 seconds 
  Import took 0.034343 seconds .

========================================================================
Received Import Request.
  Time since last request: 50.698877 seconds.
  path: Assets/Resources/Explosion.prefab
  artifactKey: Guid(1045bae4e35875945bea33a75edfcd8c) Importer(815301076,1909f56bfc062723c751e8b465ee728b)
Start importing Assets/Resources/Explosion.prefab using Guid(1045bae4e35875945bea33a75edfcd8c) Importer(815301076,1909f56bfc062723c751e8b465ee728b)  -> (artifact id: '0022550726bfa8adf2d2b73126bf1694') in 0.017082 seconds 
  Import took 0.044017 seconds .

========================================================================
Received Import Request.
  Time since last request: 0.424778 seconds.
  path: Assets/Resources/Explosion.prefab
  artifactKey: Guid(1045bae4e35875945bea33a75edfcd8c) Importer(815301076,1909f56bfc062723c751e8b465ee728b)
Start importing Assets/Resources/Explosion.prefab using Guid(1045bae4e35875945bea33a75edfcd8c) Importer(815301076,1909f56bfc062723c751e8b465ee728b)  -> (artifact id: '9fe7644997e91416634c74b19aa92060') in 0.013783 seconds 
  Import took 0.020107 seconds .

========================================================================
Received Import Request.
  Time since last request: 0.000625 seconds.
  path: Assets/Resources/Explosion.prefab
  artifactKey: Guid(1045bae4e35875945bea33a75edfcd8c) Importer(815301076,1909f56bfc062723c751e8b465ee728b)
Start importing Assets/Resources/Explosion.prefab using Guid(1045bae4e35875945bea33a75edfcd8c) Importer(815301076,1909f56bfc062723c751e8b465ee728b)  -> (artifact id: '9fe7644997e91416634c74b19aa92060') in 0.019920 seconds 
  Import took 0.038488 seconds .

========================================================================
Received Import Request.
  Time since last request: 0.863397 seconds.
  path: Assets/Resources/Explosion.prefab
  artifactKey: Guid(1045bae4e35875945bea33a75edfcd8c) Importer(815301076,1909f56bfc062723c751e8b465ee728b)
Start importing Assets/Resources/Explosion.prefab using Guid(1045bae4e35875945bea33a75edfcd8c) Importer(815301076,1909f56bfc062723c751e8b465ee728b)  -> (artifact id: '45f622ef7ba7502165318aeabe7b7e41') in 0.012277 seconds 
  Import took 0.018516 seconds .

========================================================================
Received Import Request.
  Time since last request: 0.002122 seconds.
  path: Assets/Resources/Explosion.prefab
  artifactKey: Guid(1045bae4e35875945bea33a75edfcd8c) Importer(815301076,1909f56bfc062723c751e8b465ee728b)
Start importing Assets/Resources/Explosion.prefab using Guid(1045bae4e35875945bea33a75edfcd8c) Importer(815301076,1909f56bfc062723c751e8b465ee728b)  -> (artifact id: '45f622ef7ba7502165318aeabe7b7e41') in 0.023358 seconds 
  Import took 0.043464 seconds .

========================================================================
Received Import Request.
  Time since last request: 1.133431 seconds.
  path: Assets/Resources/Explosion.prefab
  artifactKey: Guid(1045bae4e35875945bea33a75edfcd8c) Importer(815301076,1909f56bfc062723c751e8b465ee728b)
Start importing Assets/Resources/Explosion.prefab using Guid(1045bae4e35875945bea33a75edfcd8c) Importer(815301076,1909f56bfc062723c751e8b465ee728b)  -> (artifact id: '77fd81c0271f3410aec9a70805b5e501') in 0.013219 seconds 
  Import took 0.019592 seconds .

========================================================================
Received Import Request.
  Time since last request: 0.003254 seconds.
  path: Assets/Resources/Explosion.prefab
  artifactKey: Guid(1045bae4e35875945bea33a75edfcd8c) Importer(815301076,1909f56bfc062723c751e8b465ee728b)
Start importing Assets/Resources/Explosion.prefab using Guid(1045bae4e35875945bea33a75edfcd8c) Importer(815301076,1909f56bfc062723c751e8b465ee728b)  -> (artifact id: '77fd81c0271f3410aec9a70805b5e501') in 0.020845 seconds 
  Import took 0.031967 seconds .

========================================================================
Received Import Request.
  Time since last request: 0.595935 seconds.
  path: Assets/Resources/Explosion.prefab
  artifactKey: Guid(1045bae4e35875945bea33a75edfcd8c) Importer(815301076,1909f56bfc062723c751e8b465ee728b)
Start importing Assets/Resources/Explosion.prefab using Guid(1045bae4e35875945bea33a75edfcd8c) Importer(815301076,1909f56bfc062723c751e8b465ee728b)  -> (artifact id: 'df82943060e183d4a58fb966a2bfa22e') in 0.014259 seconds 
  Import took 0.020965 seconds .

========================================================================
Received Import Request.
  Time since last request: 0.002780 seconds.
  path: Assets/Resources/Explosion.prefab
  artifactKey: Guid(1045bae4e35875945bea33a75edfcd8c) Importer(815301076,1909f56bfc062723c751e8b465ee728b)
Start importing Assets/Resources/Explosion.prefab using Guid(1045bae4e35875945bea33a75edfcd8c) Importer(815301076,1909f56bfc062723c751e8b465ee728b)  -> (artifact id: 'df82943060e183d4a58fb966a2bfa22e') in 0.017136 seconds 
  Import took 0.027369 seconds .

========================================================================
Received Import Request.
  Time since last request: 0.756252 seconds.
  path: Assets/Resources/Explosion.prefab
  artifactKey: Guid(1045bae4e35875945bea33a75edfcd8c) Importer(815301076,1909f56bfc062723c751e8b465ee728b)
Start importing Assets/Resources/Explosion.prefab using Guid(1045bae4e35875945bea33a75edfcd8c) Importer(815301076,1909f56bfc062723c751e8b465ee728b)  -> (artifact id: 'dc82caa6e19d0359b7f8992c80261f80') in 0.007340 seconds 
  Import took 0.018806 seconds .

========================================================================
Received Import Request.
  Time since last request: 0.012773 seconds.
  path: Assets/Resources/Explosion.prefab
  artifactKey: Guid(1045bae4e35875945bea33a75edfcd8c) Importer(815301076,1909f56bfc062723c751e8b465ee728b)
Start importing Assets/Resources/Explosion.prefab using Guid(1045bae4e35875945bea33a75edfcd8c) Importer(815301076,1909f56bfc062723c751e8b465ee728b)  -> (artifact id: 'dc82caa6e19d0359b7f8992c80261f80') in 0.017078 seconds 
  Import took 0.024230 seconds .

========================================================================
Received Import Request.
  Time since last request: 0.652755 seconds.
  path: Assets/Resources/Explosion.prefab
  artifactKey: Guid(1045bae4e35875945bea33a75edfcd8c) Importer(815301076,1909f56bfc062723c751e8b465ee728b)
Start importing Assets/Resources/Explosion.prefab using Guid(1045bae4e35875945bea33a75edfcd8c) Importer(815301076,1909f56bfc062723c751e8b465ee728b)  -> (artifact id: '88581cb3e77655da8b090e093c73becb') in 0.008419 seconds 
  Import took 0.018978 seconds .

========================================================================
Received Import Request.
  Time since last request: 0.004348 seconds.
  path: Assets/Resources/Explosion.prefab
  artifactKey: Guid(1045bae4e35875945bea33a75edfcd8c) Importer(815301076,1909f56bfc062723c751e8b465ee728b)
Start importing Assets/Resources/Explosion.prefab using Guid(1045bae4e35875945bea33a75edfcd8c) Importer(815301076,1909f56bfc062723c751e8b465ee728b)  -> (artifact id: '88581cb3e77655da8b090e093c73becb') in 0.016542 seconds 
  Import took 0.023414 seconds .

========================================================================
Received Import Request.
  Time since last request: 0.621720 seconds.
  path: Assets/Resources/Explosion.prefab
  artifactKey: Guid(1045bae4e35875945bea33a75edfcd8c) Importer(815301076,1909f56bfc062723c751e8b465ee728b)
Start importing Assets/Resources/Explosion.prefab using Guid(1045bae4e35875945bea33a75edfcd8c) Importer(815301076,1909f56bfc062723c751e8b465ee728b)  -> (artifact id: '68105cb60087a66370972cec2d56769b') in 0.014258 seconds 
  Import took 0.026482 seconds .

========================================================================
Received Import Request.
  Time since last request: 0.896912 seconds.
  path: Assets/Resources/Explosion.prefab
  artifactKey: Guid(1045bae4e35875945bea33a75edfcd8c) Importer(815301076,1909f56bfc062723c751e8b465ee728b)
Start importing Assets/Resources/Explosion.prefab using Guid(1045bae4e35875945bea33a75edfcd8c) Importer(815301076,1909f56bfc062723c751e8b465ee728b)  -> (artifact id: '963c4fe95cbb0a86af20ff94ffafbd54') in 0.007079 seconds 
  Import took 0.018739 seconds .

========================================================================
Received Import Request.
  Time since last request: 0.001135 seconds.
  path: Assets/Resources/Explosion.prefab
  artifactKey: Guid(1045bae4e35875945bea33a75edfcd8c) Importer(815301076,1909f56bfc062723c751e8b465ee728b)
Start importing Assets/Resources/Explosion.prefab using Guid(1045bae4e35875945bea33a75edfcd8c) Importer(815301076,1909f56bfc062723c751e8b465ee728b)  -> (artifact id: '963c4fe95cbb0a86af20ff94ffafbd54') in 0.014308 seconds 
  Import took 0.020056 seconds .

========================================================================
Received Import Request.
  Time since last request: 0.660693 seconds.
  path: Assets/Resources/Explosion.prefab
  artifactKey: Guid(1045bae4e35875945bea33a75edfcd8c) Importer(815301076,1909f56bfc062723c751e8b465ee728b)
Start importing Assets/Resources/Explosion.prefab using Guid(1045bae4e35875945bea33a75edfcd8c) Importer(815301076,1909f56bfc062723c751e8b465ee728b)  -> (artifact id: '9dad500111aeb2080b887a2f810e42b0') in 0.051251 seconds 
  Import took 0.066225 seconds .

========================================================================
Received Import Request.
  Time since last request: 2.654447 seconds.
  path: Assets/Resources/Explosion.prefab
  artifactKey: Guid(1045bae4e35875945bea33a75edfcd8c) Importer(815301076,1909f56bfc062723c751e8b465ee728b)
Start importing Assets/Resources/Explosion.prefab using Guid(1045bae4e35875945bea33a75edfcd8c) Importer(815301076,1909f56bfc062723c751e8b465ee728b)  -> (artifact id: 'fc8d9508f67567f63f8dc6cf0b09b63b') in 0.013287 seconds 
  Import took 0.019171 seconds .

========================================================================
Received Import Request.
  Time since last request: 0.009159 seconds.
  path: Assets/Resources/Explosion.prefab
  artifactKey: Guid(1045bae4e35875945bea33a75edfcd8c) Importer(815301076,1909f56bfc062723c751e8b465ee728b)
Start importing Assets/Resources/Explosion.prefab using Guid(1045bae4e35875945bea33a75edfcd8c) Importer(815301076,1909f56bfc062723c751e8b465ee728b)  -> (artifact id: 'fc8d9508f67567f63f8dc6cf0b09b63b') in 0.020021 seconds 
  Import took 0.030802 seconds .

========================================================================
Received Import Request.
  Time since last request: 0.416696 seconds.
  path: Assets/Resources/Explosion.prefab
  artifactKey: Guid(1045bae4e35875945bea33a75edfcd8c) Importer(815301076,1909f56bfc062723c751e8b465ee728b)
Start importing Assets/Resources/Explosion.prefab using Guid(1045bae4e35875945bea33a75edfcd8c) Importer(815301076,1909f56bfc062723c751e8b465ee728b)  -> (artifact id: 'ddc55faf5213ab22e7e4b427fa43966a') in 0.007263 seconds 
  Import took 0.021271 seconds .

========================================================================
Received Import Request.
  Time since last request: 0.000974 seconds.
  path: Assets/Resources/Explosion.prefab
  artifactKey: Guid(1045bae4e35875945bea33a75edfcd8c) Importer(815301076,1909f56bfc062723c751e8b465ee728b)
Start importing Assets/Resources/Explosion.prefab using Guid(1045bae4e35875945bea33a75edfcd8c) Importer(815301076,1909f56bfc062723c751e8b465ee728b)  -> (artifact id: 'ddc55faf5213ab22e7e4b427fa43966a') in 0.013901 seconds 
  Import took 0.020191 seconds .

========================================================================
Received Import Request.
  Time since last request: 1.622408 seconds.
  path: Assets/Resources/Explosion.prefab
  artifactKey: Guid(1045bae4e35875945bea33a75edfcd8c) Importer(815301076,1909f56bfc062723c751e8b465ee728b)
Start importing Assets/Resources/Explosion.prefab using Guid(1045bae4e35875945bea33a75edfcd8c) Importer(815301076,1909f56bfc062723c751e8b465ee728b)  -> (artifact id: 'b8d400495f87174a563b9d135c203ac7') in 0.013304 seconds 
  Import took 0.021330 seconds .

========================================================================
Received Import Request.
  Time since last request: 0.001085 seconds.
  path: Assets/Resources/Explosion.prefab
  artifactKey: Guid(1045bae4e35875945bea33a75edfcd8c) Importer(815301076,1909f56bfc062723c751e8b465ee728b)
Start importing Assets/Resources/Explosion.prefab using Guid(1045bae4e35875945bea33a75edfcd8c) Importer(815301076,1909f56bfc062723c751e8b465ee728b)  -> (artifact id: 'b8d400495f87174a563b9d135c203ac7') in 0.014415 seconds 
  Import took 0.020450 seconds .

========================================================================
Received Prepare
Registering precompiled user dll's ...
Registered in 0.048607 seconds.
Begin MonoManager ReloadAssembly
Native extension for WindowsStandalone target not found
Refreshing native plugins compatible for Editor in 1.55 ms, found 3 plugins.
Preloading 0 native plugins for Editor in 0.00 ms.
Mono: successfully reloaded assembly
- Completed reload, in  3.993 seconds
Platform modules already initialized, skipping
Switching build target platform(19) subTarget(0) extendedPlatform(0) -> platform(13) subTarget(524288) extendedPlatform(0)
Refreshing native plugins compatible for Editor in 1.11 ms, found 3 plugins.
Preloading 0 native plugins for Editor in 0.00 ms.
Unloading 2186 Unused Serialized files (Serialized files now loaded: 0)
System memory in use before: 111.7 MB.
System memory in use after: 111.8 MB.

Unloading 30 unused Assets to reduce memory usage. Loaded Objects now: 2688.
Total: 5.885900 ms (FindLiveObjects: 0.615800 ms CreateObjectMapping: 0.143000 ms MarkObjects: 5.082900 ms  DeleteObjects: 0.041600 ms)

AssetImportParameters requested are different than current active one (requested -> active):
  custom:framework-win-MediaFoundation: 216162199b28c13a410421893ffa2e32 -> 
  custom:video-decoder-ogg-theora: a1e56fd34408186e4bbccfd4996cb3dc -> 
  custom:container-muxer-webm: aa71ff27fc2769a1b78a27578f13a17b -> 
  custom:container-demuxer-webm: 4f35f7cbe854078d1ac9338744f61a02 -> 
  custom:container-demuxer-ogg: 62fdf1f143b41e24485cea50d1cbac27 -> 
  custom:video-encoder-webm-vp8: eb34c28f22e8b96e1ab97ce403110664 -> 
  custom:video-decoder-webm-vp8: 9c59270c3fd7afecdb556c50c9e8de78 -> 
  custom:graphics/normal-map-encoding: 01000000000000000000000000000000 -> 02000000000000000000000000000000
  custom:audio-decoder-ogg-vorbis: bf7c407c2cedff20999df2af8eb42d56 -> 
  custom:audio-encoder-webm-vorbis: bf7c407c2cedff20999df2af8eb42d56 -> 
========================================================================
Received Prepare
Registering precompiled user dll's ...
Registered in 0.013778 seconds.
Begin MonoManager ReloadAssembly
Native extension for WindowsStandalone target not found
Refreshing native plugins compatible for Editor in 1.36 ms, found 3 plugins.
Preloading 0 native plugins for Editor in 0.00 ms.
Mono: successfully reloaded assembly
- Completed reload, in  2.985 seconds
Platform modules already initialized, skipping
Switching build target platform(19) subTarget(0) extendedPlatform(0) -> platform(13) subTarget(524288) extendedPlatform(0)
Refreshing native plugins compatible for Editor in 1.10 ms, found 3 plugins.
Preloading 0 native plugins for Editor in 0.00 ms.
Unloading 2186 Unused Serialized files (Serialized files now loaded: 0)
System memory in use before: 111.8 MB.
System memory in use after: 111.9 MB.

Unloading 30 unused Assets to reduce memory usage. Loaded Objects now: 2691.
Total: 11.257300 ms (FindLiveObjects: 0.600800 ms CreateObjectMapping: 5.962700 ms MarkObjects: 4.642200 ms  DeleteObjects: 0.049600 ms)

AssetImportParameters requested are different than current active one (requested -> active):
  custom:framework-win-MediaFoundation: 216162199b28c13a410421893ffa2e32 -> 
  custom:video-decoder-ogg-theora: a1e56fd34408186e4bbccfd4996cb3dc -> 
  custom:container-muxer-webm: aa71ff27fc2769a1b78a27578f13a17b -> 
  custom:container-demuxer-webm: 4f35f7cbe854078d1ac9338744f61a02 -> 
  custom:container-demuxer-ogg: 62fdf1f143b41e24485cea50d1cbac27 -> 
  custom:video-encoder-webm-vp8: eb34c28f22e8b96e1ab97ce403110664 -> 
  custom:video-decoder-webm-vp8: 9c59270c3fd7afecdb556c50c9e8de78 -> 
  custom:graphics/normal-map-encoding: 01000000000000000000000000000000 -> 02000000000000000000000000000000
  custom:audio-decoder-ogg-vorbis: bf7c407c2cedff20999df2af8eb42d56 -> 
  custom:audio-encoder-webm-vorbis: bf7c407c2cedff20999df2af8eb42d56 -> 
AssetImportWorkerClient::OnTransportError - code=2 error=End of file
